


ARM Macro Assembler    Page 1 


    1 00000000         ;/*-----------------------------------------------------
                       ----------------------------------------------------*/
    2 00000000         ;/* Holtek Semiconductor Inc.                           
                                                                           */
    3 00000000         ;/*                                                     
                                                                           */
    4 00000000         ;/* Copyright (C) Holtek Semiconductor Inc.             
                                                                           */
    5 00000000         ;/* All rights reserved.                                
                                                                           */
    6 00000000         ;/*                                                     
                                                                           */
    7 00000000         ;/*-----------------------------------------------------
                       ------------------------------------------------------
    8 00000000         ;  File Name        : startup_ht32f5xxxx_01.s
    9 00000000         ;  Version          : $Rev:: 7848         $
   10 00000000         ;  Date             : $Date:: 2024-07-16 #$
   11 00000000         ;  Description      : Startup code.
   12 00000000         ;-------------------------------------------------------
                       ----------------------------------------------------*/
   13 00000000         
   14 00000000         ;  Supported Device
   15 00000000         ;  ========================================
   16 00000000         ;   HT32F52220, HT32F52230
   17 00000000         ;   HT32F52231, HT32F52241
   18 00000000         ;   HT32F52331, HT32F52341
   19 00000000         ;   HT32F52342, HT32F52352
   20 00000000         ;   HT32F52243, HT32F52253
   21 00000000         ;   HT32F0008
   22 00000000         ;   HT32F52344, HT32F52354
   23 00000000         ;   HT32F0006
   24 00000000         ;   HT32F61352
   25 00000000         ;   HT50F32003
   26 00000000         ;   HT50F3200U
   27 00000000         ;   HT32F62030, HT32F62040, HT32F62050
   28 00000000         ;   HT32F62140
   29 00000000         ;   HT32F67741
   30 00000000         ;   HT32F67232
   31 00000000         ;   HT32F67233
   32 00000000         ;   HT32F59045
   33 00000000         ;   MXTX52231
   34 00000000         ;   MXTX52352
   35 00000000         
   36 00000000         ;/* <<< Use Configuration Wizard in Context Menu >>>    
                                                                           */
   37 00000000         
   38 00000000         ;// <o>  HT32 Device
   39 00000000         ;// <i> Select HT32 Device for the assembly setting. 
   40 00000000         ;// <i> Notice that the project's Asm Define has the hig
                       her priority.
   41 00000000         ;//      <0=> By Project Asm Define
   42 00000000         ;//      <1=> HT32F52220/30
   43 00000000         ;//      <2=> HT32F52231/41
   44 00000000         ;//      <3=> HT32F52331/41
   45 00000000         ;//      <4=> HT32F52342/52
   46 00000000         ;//      <5=> HT32F52243/53
   47 00000000         ;//      <6=> HT32F0008
   48 00000000         ;//      <9=> HT32F52344/54
   49 00000000         ;//      <10=> HT32F0006



ARM Macro Assembler    Page 2 


   50 00000000         ;//      <10=> HT32F61352
   51 00000000         ;//      <4=> HT50F32003
   52 00000000         ;//      <2=> HT50F3200U
   53 00000000         ;//      <2=> HT32F67741
   54 00000000         ;//      <1=> HT32F67232
   55 00000000         ;//      <1=> HT32F67233
   56 00000000         ;//      <1=> HT32F62030
   57 00000000         ;//      <2=> HT32F62040
   58 00000000         ;//      <5=> HT32F62050
   59 00000000         ;//      <2=> HT32F62140
   60 00000000         ;//      <2=> HT32F59045
   61 00000000         ;//      <2=> MXTX52231
   62 00000000         ;//      <4=> MXTX52352
   63 00000000 00000000 
                       USE_HT32_CHIP_SET
                               EQU              0           ; Notice that the p
                                                            roject's Asm Define
                                                             has the higher pri
                                                            ority.
   64 00000000         
   65 00000000 FFFFFFFF 
                       _HT32FWID
                               EQU              0xFFFFFFFF
   66 00000000         ;_HT32FWID           EQU     0x00052220
   67 00000000         ;_HT32FWID           EQU     0x00052230
   68 00000000         ;_HT32FWID           EQU     0x00052231
   69 00000000         ;_HT32FWID           EQU     0x00052241
   70 00000000         ;_HT32FWID           EQU     0x00052331
   71 00000000         ;_HT32FWID           EQU     0x00052341
   72 00000000         ;_HT32FWID           EQU     0x00052342
   73 00000000         ;_HT32FWID           EQU     0x00052352
   74 00000000         ;_HT32FWID           EQU     0x00052243
   75 00000000         ;_HT32FWID           EQU     0x00052253
   76 00000000         ;_HT32FWID           EQU     0x00000008
   77 00000000         ;_HT32FWID           EQU     0x00052344
   78 00000000         ;_HT32FWID           EQU     0x00052354
   79 00000000         ;_HT32FWID           EQU     0x00000006
   80 00000000         ;_HT32FWID           EQU     0x00061352
   81 00000000         ;_HT32FWID           EQU     0x00032003
   82 00000000         ;_HT32FWID           EQU     0x0003200F
   83 00000000         ;_HT32FWID           EQU     0x00062030
   84 00000000         ;_HT32FWID           EQU     0x00062040
   85 00000000         ;_HT32FWID           EQU     0x00062050
   86 00000000         ;_HT32FWID           EQU     0x00062140
   87 00000000         ;_HT32FWID           EQU     0x00067741
   88 00000000         ;_HT32FWID           EQU     0x00067232
   89 00000000         ;_HT32FWID           EQU     0x00067233
   90 00000000         ;_HT32FWID           EQU     0x00059045
   91 00000000         
   92 00000000 00000001 
                       HT32F52220_30
                               EQU              1
   93 00000000 00000002 
                       HT32F52231_41
                               EQU              2
   94 00000000 00000003 
                       HT32F52331_41
                               EQU              3
   95 00000000 00000004 



ARM Macro Assembler    Page 3 


                       HT32F52342_52
                               EQU              4
   96 00000000 00000005 
                       HT32F52243_53
                               EQU              5
   97 00000000 00000006 
                       HT32F0008
                               EQU              6
   98 00000000 00000009 
                       HT32F52344_54
                               EQU              9
   99 00000000 0000000A 
                       HT32F0006
                               EQU              10
  100 00000000 0000000A 
                       HT32F61352
                               EQU              10
  101 00000000 00000004 
                       HT50F32003
                               EQU              4
  102 00000000 00000002 
                       HT50F3200U
                               EQU              2
  103 00000000 00000001 
                       HT32F62030
                               EQU              1
  104 00000000 00000002 
                       HT32F62040
                               EQU              2
  105 00000000 00000005 
                       HT32F62050
                               EQU              5
  106 00000000 00000002 
                       HT32F62140
                               EQU              2
  107 00000000 00000002 
                       HT32F67741
                               EQU              2
  108 00000000 00000001 
                       HT32F67232
                               EQU              1
  109 00000000 00000001 
                       HT32F67233
                               EQU              1
  110 00000000 00000002 
                       HT32F59045
                               EQU              2
  111 00000000 00000002 
                       MXTX52231
                               EQU              2
  112 00000000 00000004 
                       MXTX52352
                               EQU              4
  113 00000000         
  114 00000000                 IF               USE_HT32_CHIP_SET=0
  115 00000000         ; Use project's Asm Define setting (default)
  116 00000000                 ELSE
  123                          ENDIF
  124 00000000         



ARM Macro Assembler    Page 4 


  125 00000000         ; Amount of memory (in bytes) allocated for Stack and He
                       ap
  126 00000000         ; Tailor those values to your application needs
  127 00000000         
  128 00000000         ;//   <o> Stack Location
  129 00000000         ;//       <0=> After the RW/ZI/Heap (Default)
  130 00000000         ;//       <1=> On the top of the SRAM (The end of the SR
                       AM)
  131 00000000 00000000 
                       USE_STACK_ON_TOP
                               EQU              0
  132 00000000         
  133 00000000         ;//   <o> Stack Size (in Bytes, must 8 byte aligned) <0-
                       16384:8>
  134 00000000         ;//       <i> Only meanful when the Stack Location = "Af
                       ter the RW/ZI/Heap" (USE_STACK_ON_TOP = 0).
  135 00000000 00000200 
                       Stack_Size
                               EQU              512
  136 00000000         
  137 00000000                 AREA             STACK, NOINIT, READWRITE, ALIGN
 = 3
  138 00000000         __HT_check_sp
  139 00000000         Stack_Mem
                               SPACE            Stack_Size
  140 00000200                 IF               (USE_STACK_ON_TOP = 1)
  143 00000200         __initial_sp
  144 00000200                 ENDIF
  145 00000200         
  146 00000200         ;//   <o>  Heap Size (in Bytes) <0-16384:8>
  147 00000200 00000000 
                       Heap_Size
                               EQU              0
  148 00000200         
  149 00000200                 AREA             HEAP, NOINIT, READWRITE, ALIGN 
= 3
  150 00000000         __HT_check_heap
  151 00000000         __heap_base
  152 00000000         Heap_Mem
                               SPACE            Heap_Size
  153 00000000         __heap_limit
  154 00000000         
  155 00000000                 PRESERVE8
  156 00000000                 THUMB
  157 00000000         
  158 00000000         ;*******************************************************
                       ************************
  159 00000000         ; Fill-up the Vector Table entries with the exceptions I
                       SR address
  160 00000000         ;*******************************************************
                       ************************
  161 00000000                 AREA             RESET, CODE, READONLY
  162 00000000                 EXPORT           __Vectors
  163 00000000 FFFFFFFF 
                       _RESERVED
                               EQU              0xFFFFFFFF
  164 00000000         __Vectors
  165 00000000 00000000        DCD              __initial_sp ; ---, 00, 0x000, 
                                                            Top address of Stac



ARM Macro Assembler    Page 5 


                                                            k
  166 00000004 00000000        DCD              Reset_Handler ; ---, 01, 0x004,
                                                             Reset Handler
  167 00000008 00000000        DCD              NMI_Handler ; -14, 02, 0x008, N
                                                            MI Handler
  168 0000000C 00000000        DCD              HardFault_Handler ; -13, 03, 0x
                                                            00C, Hard Fault Han
                                                            dler
  169 00000010 FFFFFFFF        DCD              _RESERVED   ; ---, 04, 0x010, R
                                                            eserved
  170 00000014 FFFFFFFF        DCD              _RESERVED   ; ---, 05, 0x014, R
                                                            eserved
  171 00000018 FFFFFFFF        DCD              _RESERVED   ; ---, 06, 0x018, R
                                                            eserved
  172 0000001C FFFFFFFF        DCD              _RESERVED   ; ---, 07, 0x01C, R
                                                            eserved
  173 00000020 FFFFFFFF        DCD              _HT32FWID   ; ---, 08, 0x020, R
                                                            eserved
  174 00000024 FFFFFFFF        DCD              _RESERVED   ; ---, 09, 0x024, R
                                                            eserved
  175 00000028 FFFFFFFF        DCD              _RESERVED   ; ---, 10, 0x028, R
                                                            eserved
  176 0000002C 00000000        DCD              SVC_Handler ; -05, 11, 0x02C, S
                                                            VC Handler
  177 00000030 FFFFFFFF        DCD              _RESERVED   ; ---, 12, 0x030, R
                                                            eserved
  178 00000034 FFFFFFFF        DCD              _RESERVED   ; ---, 13, 0x034, R
                                                            eserved
  179 00000038 00000000        DCD              PendSV_Handler ; -02, 14, 0x038
                                                            , PendSV Handler
  180 0000003C 00000000        DCD              SysTick_Handler ; -01, 15, 0x03
                                                            C, SysTick Handler
  181 00000040         
  182 00000040         ; External Interrupt Handler
  183 00000040 00000000        DCD              LVD_BOD_IRQHandler 
                                                            ;  00, 16, 0x040,
  184 00000044                 IF               (USE_HT32_CHIP=HT32F52220_30)
  187 00000044 00000000        DCD              RTC_IRQHandler 
                                                            ;  01, 17, 0x044,
  188 00000048                 ENDIF
  189 00000048 00000000        DCD              FLASH_IRQHandler 
                                                            ;  02, 18, 0x048,
  190 0000004C 00000000        DCD              EVWUP_IRQHandler 
                                                            ;  03, 19, 0x04C,
  191 00000050 00000000        DCD              EXTI0_1_IRQHandler 
                                                            ;  04, 20, 0x050,
  192 00000054 00000000        DCD              EXTI2_3_IRQHandler 
                                                            ;  05, 21, 0x054,
  193 00000058 00000000        DCD              EXTI4_15_IRQHandler 
                                                            ;  06, 22, 0x058,
  194 0000005C                 IF               (USE_HT32_CHIP=HT32F52342_52) |
| (USE_HT32_CHIP=HT32F52344_54)
  195 0000005C 00000000        DCD              COMP_IRQHandler 
                                                            ;  07, 23, 0x05C,
  196 00000060                 ELSE
  198                          ENDIF
  199 00000060                 IF               (USE_HT32_CHIP=HT32F0008)
  202 00000060 00000000        DCD              ADC_IRQHandler 
                                                            ;  08, 24, 0x060,



ARM Macro Assembler    Page 6 


  203 00000064                 ENDIF
  204 00000064                 IF               (USE_HT32_CHIP=HT32F52243_53)
  207 00000064 FFFFFFFF        DCD              _RESERVED   ;  09, 25, 0x064,
  208 00000068                 ENDIF
  209 00000068                 IF               (USE_HT32_CHIP=HT32F52220_30) |
| (USE_HT32_CHIP=HT32F0008) || (USE_HT32_CHIP=HT32F0006)
  212 00000068 00000000        DCD              MCTM0_IRQHandler 
                                                            ;  10, 26, 0x068,
  213 0000006C                 ENDIF
  214 0000006C                 IF               (USE_HT32_CHIP=HT32F52342_52)
  215 0000006C 00000000        DCD              GPTM1_IRQHandler 
                                                            ;  11, 27, 0x06C,
  216 00000070                 ELSE
  218                          ENDIF
  219 00000070 00000000        DCD              GPTM0_IRQHandler 
                                                            ;  12, 28, 0x070,
  220 00000074                 IF               (USE_HT32_CHIP=HT32F0008)
  224 00000074 00000000        DCD              SCTM0_IRQHandler 
                                                            ;  13, 29, 0x074,
  225 00000078 00000000        DCD              SCTM1_IRQHandler 
                                                            ;  14, 30, 0x078,
  226 0000007C                 ENDIF
  227 0000007C                 IF               (USE_HT32_CHIP=HT32F52231_41) |
| (USE_HT32_CHIP=HT32F52331_41) || (USE_HT32_CHIP=HT32F52243_53) || (USE_HT32_C
HIP=HT32F0006)
  230                          ENDIF
  231 0000007C                 IF               (USE_HT32_CHIP=HT32F0008)
  234                          ENDIF
  235 0000007C                 IF               (USE_HT32_CHIP=HT32F52220_30) |
| (USE_HT32_CHIP=HT32F52342_52) || (USE_HT32_CHIP=HT32F52344_54)
  236 0000007C FFFFFFFF        DCD              _RESERVED   ;  15, 31, 0x07C,
  237 00000080 FFFFFFFF        DCD              _RESERVED   ;  16, 32, 0x080,
  238 00000084                 ENDIF
  239 00000084 00000000        DCD              BFTM0_IRQHandler 
                                                            ;  17, 33, 0x084,
  240 00000088                 IF               (USE_HT32_CHIP=HT32F52220_30)
  243 00000088 00000000        DCD              BFTM1_IRQHandler 
                                                            ;  18, 34, 0x088,
  244 0000008C                 ENDIF
  245 0000008C 00000000        DCD              I2C0_IRQHandler 
                                                            ;  19, 35, 0x08C,
  246 00000090                 IF               (USE_HT32_CHIP=HT32F52220_30) |
| (USE_HT32_CHIP=HT32F0008) || (USE_HT32_CHIP=HT32F52344_54) || (USE_HT32_CHIP=
HT32F0006)
  249 00000090 00000000        DCD              I2C1_IRQHandler 
                                                            ;  20, 36, 0x090,
  250 00000094                 ENDIF
  251 00000094 00000000        DCD              SPI0_IRQHandler 
                                                            ;  21, 37, 0x094,
  252 00000098                 IF               (USE_HT32_CHIP=HT32F52220_30) |
| (USE_HT32_CHIP=HT32F0008)
  255 00000098                 IF               (USE_HT32_CHIP=HT32F0006)
  258 00000098 00000000        DCD              SPI1_IRQHandler 
                                                            ;  22, 38, 0x098,
  259 0000009C                 ENDIF
  260 0000009C                 ENDIF
  261 0000009C                 IF               (USE_HT32_CHIP=HT32F52344_54)
  264 0000009C 00000000        DCD              USART0_IRQHandler 
                                                            ;  23, 39, 0x09C,



ARM Macro Assembler    Page 7 


  265 000000A0                 ENDIF
  266 000000A0                 IF               (USE_HT32_CHIP=HT32F52342_52) |
| (USE_HT32_CHIP=HT32F52243_53)
  267 000000A0 00000000        DCD              USART1_IRQHandler 
                                                            ;  24, 40, 0x0A0,
  268 000000A4                 ELSE
  270                          ENDIF
  271 000000A4 00000000        DCD              UART0_IRQHandler 
                                                            ;  25, 41, 0x0A4,
  272 000000A8                 IF               (USE_HT32_CHIP=HT32F52220_30) |
| (USE_HT32_CHIP=HT32F0008) || (USE_HT32_CHIP=HT32F0006)
  275 000000A8 00000000        DCD              UART1_IRQHandler 
                                                            ;  26, 42, 0x0A8,
  276 000000AC                 ENDIF
  277 000000AC                 IF               (USE_HT32_CHIP=HT32F52331_41) |
| (USE_HT32_CHIP=HT32F52342_52)
  278 000000AC 00000000        DCD              SCI_IRQHandler 
                                                            ;  27, 43, 0x0AC,
  279 000000B0                 ENDIF
  280 000000B0                 IF               (USE_HT32_CHIP=HT32F52243_53)
  282                          ENDIF
  283 000000B0                 IF               (USE_HT32_CHIP=HT32F0006)
  285                          ENDIF
  286 000000B0                 IF               (USE_HT32_CHIP=HT32F0008) || (U
SE_HT32_CHIP=HT32F52344_54)
  288                          ENDIF
  289 000000B0                 IF               (USE_HT32_CHIP=HT32F52342_52) |
| (USE_HT32_CHIP=HT32F0006)
  290 000000B0 00000000        DCD              I2S_IRQHandler 
                                                            ;  28, 44, 0x0B0,
  291 000000B4                 ENDIF
  292 000000B4                 IF               (USE_HT32_CHIP=HT32F52331_41) |
| (USE_HT32_CHIP=HT32F52344_54)
  294                          ENDIF
  295 000000B4                 IF               (USE_HT32_CHIP=HT32F52243_53)
  297                          ENDIF
  298 000000B4                 IF               (USE_HT32_CHIP=HT32F0008)
  300                          ENDIF
  301 000000B4                 IF               (USE_HT32_CHIP=HT32F52331_41) |
| (USE_HT32_CHIP=HT32F52342_52) || (USE_HT32_CHIP=HT32F0008) || (USE_HT32_CHIP=
HT32F52344_54) || (USE_HT32_CHIP=HT32F0006)
  302 000000B4 00000000        DCD              USB_IRQHandler 
                                                            ;  29, 45, 0x0B4,
  303 000000B8                 ENDIF
  304 000000B8                 IF               (USE_HT32_CHIP=HT32F52243_53)
  306                          ENDIF
  307 000000B8                 IF               (USE_HT32_CHIP=HT32F52342_52) |
| (USE_HT32_CHIP=HT32F52243_53) || (USE_HT32_CHIP=HT32F0008) || (USE_HT32_CHIP=
HT32F52344_54) || (USE_HT32_CHIP=HT32F0006)
  308 000000B8 00000000        DCD              PDMA_CH0_1_IRQHandler 
                                                            ;  30, 46, 0x0B8,
  309 000000BC 00000000        DCD              PDMA_CH2_5_IRQHandler 
                                                            ;  31, 47, 0x0BC,
  310 000000C0                 ENDIF
  311 000000C0         
  312 000000C0         ; Reset handler routine
  313 000000C0         Reset_Handler
                               PROC
  314 000000C0                 EXPORT           Reset_Handler                  



ARM Macro Assembler    Page 8 


 [WEAK]
  315 000000C0                 IMPORT           SystemInit
  316 000000C0                 IMPORT           __main
  317 000000C0 481D            LDR              R0, =BootProcess
  318 000000C2 4780            BLX              R0
  319 000000C4 481D            LDR              R0, =SystemInit
  320 000000C6 4780            BLX              R0
  321 000000C8 481D            LDR              R0, =__main
  322 000000CA 4700            BX               R0
  323 000000CC                 ENDP
  324 000000CC         
  325 000000CC         BootProcess
                               PROC
  326 000000CC 481D            LDR              R0, =0x40080300
  327 000000CE 6901            LDR              R1,[R0, #0x10]
  328 000000D0 2900            CMP              R1, #0
  329 000000D2 D108            BNE              BP1
  330 000000D4 6941            LDR              R1,[R0, #0x14]
  331 000000D6 2900            CMP              R1, #0
  332 000000D8 D105            BNE              BP1
  333 000000DA 6981            LDR              R1,[R0, #0x18]
  334 000000DC 2900            CMP              R1, #0
  335 000000DE D102            BNE              BP1
  336 000000E0 69C1            LDR              R1,[R0, #0x1C]
  337 000000E2 2900            CMP              R1, #0
  338 000000E4 D009            BEQ              BP2
  339 000000E6 4818    BP1     LDR              R0, =0x40080180
  340 000000E8 68C1            LDR              R1,[R0, #0xC]
  341 000000EA 0109            LSLS             R1, R1, #4
  342 000000EC 0D09            LSRS             R1, R1, #20
  343 000000EE 2900            CMP              R1, #0
  344 000000F0 D00E            BEQ              BP3
  345 000000F2 2905            CMP              R1, #5
  346 000000F4 D00C            BEQ              BP3
  347 000000F6 2906            CMP              R1, #6
  348 000000F8 D00A            BEQ              BP3
  349 000000FA F3BF 8F4F 
                       BP2     DSB
  350 000000FE 4813            LDR              R0, =0x20000000
  351 00000100 4913            LDR              R1, =0x05fa0004
  352 00000102 6001            STR              R1, [R0]
  353 00000104 4913            LDR              R1, =0xe000ed00
  354 00000106 4812            LDR              R0, =0x05fa0004
  355 00000108 60C8            STR              R0, [R1, #0xC]
  356 0000010A F3BF 8F4F       DSB
  357 0000010E E7FE            B                .
  358 00000110 480E    BP3     LDR              R0, =0x20000000
  359 00000112 6801            LDR              R1, [R0]
  360 00000114 480E            LDR              R0, =0x05fa0004
  361 00000116 4288            CMP              R0, R1
  362 00000118 D000            BEQ              BP4
  363 0000011A 4770            BX               LR
  364 0000011C 480E    BP4     LDR              R0, =0x40088100
  365 0000011E 490F            LDR              R1, =0x00000001
  366 00000120 6001            STR              R1, [R0]
  367 00000122 480A            LDR              R0, =0x20000000
  368 00000124 490E            LDR              R1, =0x0
  369 00000126 6001            STR              R1, [R0]
  370 00000128 4770            BX               LR



ARM Macro Assembler    Page 9 


  371 0000012A                 ENDP
  372 0000012A         
  373 0000012A         ; Dummy Exception Handlers
  374 0000012A         NMI_Handler
                               PROC
  375 0000012A                 EXPORT           NMI_Handler                    
 [WEAK]
  376 0000012A E7FE            B                .
  377 0000012C                 ENDP
  378 0000012C         
  379 0000012C         HardFault_Handler
                               PROC
  380 0000012C                 EXPORT           HardFault_Handler              
 [WEAK]
  381 0000012C E7FE            B                .
  382 0000012E                 ENDP
  383 0000012E         
  384 0000012E         SVC_Handler
                               PROC
  385 0000012E                 EXPORT           SVC_Handler                    
 [WEAK]
  386 0000012E E7FE            B                .
  387 00000130                 ENDP
  388 00000130         
  389 00000130         PendSV_Handler
                               PROC
  390 00000130                 EXPORT           PendSV_Handler                 
 [WEAK]
  391 00000130 E7FE            B                .
  392 00000132                 ENDP
  393 00000132         
  394 00000132         SysTick_Handler
                               PROC
  395 00000132                 EXPORT           SysTick_Handler                
 [WEAK]
  396 00000132 E7FE            B                .
  397 00000134                 ENDP
  398 00000134         
  399 00000134         Default_Handler
                               PROC
  400 00000134                 EXPORT           LVD_BOD_IRQHandler             
 [WEAK]
  401 00000134                 EXPORT           RTC_IRQHandler                 
 [WEAK]
  402 00000134                 EXPORT           FLASH_IRQHandler               
 [WEAK]
  403 00000134                 EXPORT           EVWUP_IRQHandler               
 [WEAK]
  404 00000134                 EXPORT           EXTI0_1_IRQHandler             
 [WEAK]
  405 00000134                 EXPORT           EXTI2_3_IRQHandler             
 [WEAK]
  406 00000134                 EXPORT           EXTI4_15_IRQHandler            
 [WEAK]
  407 00000134                 EXPORT           COMP_IRQHandler                
 [WEAK]
  408 00000134                 EXPORT           ADC_IRQHandler                 
 [WEAK]
  409 00000134                 EXPORT           MCTM0_IRQHandler               



ARM Macro Assembler    Page 10 


 [WEAK]
  410 00000134                 EXPORT           GPTM1_IRQHandler               
 [WEAK]
  411 00000134                 EXPORT           GPTM0_IRQHandler               
 [WEAK]
  412 00000134                 EXPORT           SCTM0_IRQHandler               
 [WEAK]
  413 00000134                 EXPORT           SCTM1_IRQHandler               
 [WEAK]
  414 00000134                 EXPORT           SCTM2_IRQHandler               
 [WEAK]
  415 00000134                 EXPORT           SCTM3_IRQHandler               
 [WEAK]
  416 00000134                 EXPORT           PWM0_IRQHandler                
 [WEAK]
  417 00000134                 EXPORT           PWM1_IRQHandler                
 [WEAK]
  418 00000134                 EXPORT           BFTM0_IRQHandler               
 [WEAK]
  419 00000134                 EXPORT           BFTM1_IRQHandler               
 [WEAK]
  420 00000134                 EXPORT           I2C0_IRQHandler                
 [WEAK]
  421 00000134                 EXPORT           I2C1_IRQHandler                
 [WEAK]
  422 00000134                 EXPORT           I2C2_IRQHandler                
 [WEAK]
  423 00000134                 EXPORT           SPI0_IRQHandler                
 [WEAK]
  424 00000134                 EXPORT           SPI1_IRQHandler                
 [WEAK]
  425 00000134                 EXPORT           QSPI_IRQHandler                
 [WEAK]
  426 00000134                 EXPORT           USART0_IRQHandler              
 [WEAK]
  427 00000134                 EXPORT           USART1_IRQHandler              
 [WEAK]
  428 00000134                 EXPORT           UART0_IRQHandler               
 [WEAK]
  429 00000134                 EXPORT           UART1_IRQHandler               
 [WEAK]
  430 00000134                 EXPORT           UART2_IRQHandler               
 [WEAK]
  431 00000134                 EXPORT           UART3_IRQHandler               
 [WEAK]
  432 00000134                 EXPORT           SCI_IRQHandler                 
 [WEAK]
  433 00000134                 EXPORT           MIDI_IRQHandler                
 [WEAK]
  434 00000134                 EXPORT           I2S_IRQHandler                 
 [WEAK]
  435 00000134                 EXPORT           AES_IRQHandler                 
 [WEAK]
  436 00000134                 EXPORT           USB_IRQHandler                 
 [WEAK]
  437 00000134                 EXPORT           PDMA_CH0_1_IRQHandler          
 [WEAK]
  438 00000134                 EXPORT           PDMA_CH2_5_IRQHandler          
 [WEAK]



ARM Macro Assembler    Page 11 


  439 00000134         
  440 00000134         LVD_BOD_IRQHandler
  441 00000134         RTC_IRQHandler
  442 00000134         FLASH_IRQHandler
  443 00000134         EVWUP_IRQHandler
  444 00000134         EXTI0_1_IRQHandler
  445 00000134         EXTI2_3_IRQHandler
  446 00000134         EXTI4_15_IRQHandler
  447 00000134         COMP_IRQHandler
  448 00000134         ADC_IRQHandler
  449 00000134         MCTM0_IRQHandler
  450 00000134         GPTM1_IRQHandler
  451 00000134         GPTM0_IRQHandler
  452 00000134         SCTM0_IRQHandler
  453 00000134         SCTM1_IRQHandler
  454 00000134         SCTM2_IRQHandler
  455 00000134         SCTM3_IRQHandler
  456 00000134         PWM0_IRQHandler
  457 00000134         PWM1_IRQHandler
  458 00000134         BFTM0_IRQHandler
  459 00000134         BFTM1_IRQHandler
  460 00000134         I2C0_IRQHandler
  461 00000134         I2C1_IRQHandler
  462 00000134         I2C2_IRQHandler
  463 00000134         SPI0_IRQHandler
  464 00000134         SPI1_IRQHandler
  465 00000134         QSPI_IRQHandler
  466 00000134         USART0_IRQHandler
  467 00000134         USART1_IRQHandler
  468 00000134         UART0_IRQHandler
  469 00000134         UART1_IRQHandler
  470 00000134         UART2_IRQHandler
  471 00000134         UART3_IRQHandler
  472 00000134         SCI_IRQHandler
  473 00000134         MIDI_IRQHandler
  474 00000134         I2S_IRQHandler
  475 00000134         AES_IRQHandler
  476 00000134         USB_IRQHandler
  477 00000134         PDMA_CH0_1_IRQHandler
  478 00000134         PDMA_CH2_5_IRQHandler
  479 00000134 E7FE            B                .
  480 00000136                 ENDP
  481 00000136         
  482 00000136 00 00           ALIGN
  483 00000138         
  484 00000138         ;*******************************************************
                       ************************
  485 00000138         ; User Stack and Heap initialization
  486 00000138         ;*******************************************************
                       ************************
  487 00000138                 EXPORT           __HT_check_heap
  488 00000138                 EXPORT           __HT_check_sp
  489 00000138         
  490 00000138                 IF               :DEF:__MICROLIB
  491 00000138         
  492 00000138                 EXPORT           __initial_sp
  493 00000138                 EXPORT           __heap_base
  494 00000138                 EXPORT           __heap_limit
  495 00000138         



ARM Macro Assembler    Page 12 


  496 00000138                 ELSE
  518                          ENDIF
  519 00000138         
  520 00000138                 END
              00000000 
              00000000 
              00000000 
              40080300 
              40080180 
              20000000 
              05FA0004 
              E000ED00 
              40088100 
              00000001 
              00000000 
Command Line: --debug --xref --diag_suppress=9931 --cpu=Cortex-M0+ --apcs=inter
work --depend=.\build\keil\obj\startup_ht32f5xxxx_01.d -o.\build\keil\obj\start
up_ht32f5xxxx_01.o -ID:\keil_v5\pack\Holtek\HT32_DFP\1.0.62\ARM\INC\Holtek\HT32
F5xxxx --predefine="__MICROLIB SETA 1" --predefine="__UVISION_VERSION SETA 538"
 --predefine="USE_HT32F52342_52 SETA 1" --predefine="USE_HT32_CHIP SETA 4" --li
st=.\build\keil\list\startup_ht32f5xxxx_01.lst ..\libraries\HT32_STD_5xxxx_FWLi
b\library\Device\Holtek\HT32F5xxxx\Source\ARM\startup_ht32f5xxxx_01.s



ARM Macro Assembler    Page 1 Alphabetic symbol ordering
Relocatable symbols

STACK 00000000

Symbol: STACK
   Definitions
      At line 137 in file ..\libraries\HT32_STD_5xxxx_FWLib\library\Device\Holt
ek\HT32F5xxxx\Source\ARM\startup_ht32f5xxxx_01.s
   Uses
      None
Comment: STACK unused
Stack_Mem 00000000

Symbol: Stack_Mem
   Definitions
      At line 139 in file ..\libraries\HT32_STD_5xxxx_FWLib\library\Device\Holt
ek\HT32F5xxxx\Source\ARM\startup_ht32f5xxxx_01.s
   Uses
      None
Comment: Stack_Mem unused
__HT_check_sp 00000000

Symbol: __HT_check_sp
   Definitions
      At line 138 in file ..\libraries\HT32_STD_5xxxx_FWLib\library\Device\Holt
ek\HT32F5xxxx\Source\ARM\startup_ht32f5xxxx_01.s
   Uses
      At line 488 in file ..\libraries\HT32_STD_5xxxx_FWLib\library\Device\Holt
ek\HT32F5xxxx\Source\ARM\startup_ht32f5xxxx_01.s
Comment: __HT_check_sp used once
__initial_sp 00000200

Symbol: __initial_sp
   Definitions
      At line 143 in file ..\libraries\HT32_STD_5xxxx_FWLib\library\Device\Holt
ek\HT32F5xxxx\Source\ARM\startup_ht32f5xxxx_01.s
   Uses
      At line 165 in file ..\libraries\HT32_STD_5xxxx_FWLib\library\Device\Holt
ek\HT32F5xxxx\Source\ARM\startup_ht32f5xxxx_01.s
      At line 492 in file ..\libraries\HT32_STD_5xxxx_FWLib\library\Device\Holt
ek\HT32F5xxxx\Source\ARM\startup_ht32f5xxxx_01.s

4 symbols



ARM Macro Assembler    Page 1 Alphabetic symbol ordering
Relocatable symbols

HEAP 00000000

Symbol: HEAP
   Definitions
      At line 149 in file ..\libraries\HT32_STD_5xxxx_FWLib\library\Device\Holt
ek\HT32F5xxxx\Source\ARM\startup_ht32f5xxxx_01.s
   Uses
      None
Comment: HEAP unused
Heap_Mem 00000000

Symbol: Heap_Mem
   Definitions
      At line 152 in file ..\libraries\HT32_STD_5xxxx_FWLib\library\Device\Holt
ek\HT32F5xxxx\Source\ARM\startup_ht32f5xxxx_01.s
   Uses
      None
Comment: Heap_Mem unused
__HT_check_heap 00000000

Symbol: __HT_check_heap
   Definitions
      At line 150 in file ..\libraries\HT32_STD_5xxxx_FWLib\library\Device\Holt
ek\HT32F5xxxx\Source\ARM\startup_ht32f5xxxx_01.s
   Uses
      At line 487 in file ..\libraries\HT32_STD_5xxxx_FWLib\library\Device\Holt
ek\HT32F5xxxx\Source\ARM\startup_ht32f5xxxx_01.s
Comment: __HT_check_heap used once
__heap_base 00000000

Symbol: __heap_base
   Definitions
      At line 151 in file ..\libraries\HT32_STD_5xxxx_FWLib\library\Device\Holt
ek\HT32F5xxxx\Source\ARM\startup_ht32f5xxxx_01.s
   Uses
      At line 493 in file ..\libraries\HT32_STD_5xxxx_FWLib\library\Device\Holt
ek\HT32F5xxxx\Source\ARM\startup_ht32f5xxxx_01.s
Comment: __heap_base used once
__heap_limit 00000000

Symbol: __heap_limit
   Definitions
      At line 153 in file ..\libraries\HT32_STD_5xxxx_FWLib\library\Device\Holt
ek\HT32F5xxxx\Source\ARM\startup_ht32f5xxxx_01.s
   Uses
      At line 494 in file ..\libraries\HT32_STD_5xxxx_FWLib\library\Device\Holt
ek\HT32F5xxxx\Source\ARM\startup_ht32f5xxxx_01.s
Comment: __heap_limit used once
5 symbols



ARM Macro Assembler    Page 1 Alphabetic symbol ordering
Relocatable symbols

ADC_IRQHandler 00000134

Symbol: ADC_IRQHandler
   Definitions
      At line 448 in file ..\libraries\HT32_STD_5xxxx_FWLib\library\Device\Holt
ek\HT32F5xxxx\Source\ARM\startup_ht32f5xxxx_01.s
   Uses
      At line 202 in file ..\libraries\HT32_STD_5xxxx_FWLib\library\Device\Holt
ek\HT32F5xxxx\Source\ARM\startup_ht32f5xxxx_01.s
      At line 408 in file ..\libraries\HT32_STD_5xxxx_FWLib\library\Device\Holt
ek\HT32F5xxxx\Source\ARM\startup_ht32f5xxxx_01.s

AES_IRQHandler 00000134

Symbol: AES_IRQHandler
   Definitions
      At line 475 in file ..\libraries\HT32_STD_5xxxx_FWLib\library\Device\Holt
ek\HT32F5xxxx\Source\ARM\startup_ht32f5xxxx_01.s
   Uses
      At line 435 in file ..\libraries\HT32_STD_5xxxx_FWLib\library\Device\Holt
ek\HT32F5xxxx\Source\ARM\startup_ht32f5xxxx_01.s
Comment: AES_IRQHandler used once
BFTM0_IRQHandler 00000134

Symbol: BFTM0_IRQHandler
   Definitions
      At line 458 in file ..\libraries\HT32_STD_5xxxx_FWLib\library\Device\Holt
ek\HT32F5xxxx\Source\ARM\startup_ht32f5xxxx_01.s
   Uses
      At line 239 in file ..\libraries\HT32_STD_5xxxx_FWLib\library\Device\Holt
ek\HT32F5xxxx\Source\ARM\startup_ht32f5xxxx_01.s
      At line 418 in file ..\libraries\HT32_STD_5xxxx_FWLib\library\Device\Holt
ek\HT32F5xxxx\Source\ARM\startup_ht32f5xxxx_01.s

BFTM1_IRQHandler 00000134

Symbol: BFTM1_IRQHandler
   Definitions
      At line 459 in file ..\libraries\HT32_STD_5xxxx_FWLib\library\Device\Holt
ek\HT32F5xxxx\Source\ARM\startup_ht32f5xxxx_01.s
   Uses
      At line 243 in file ..\libraries\HT32_STD_5xxxx_FWLib\library\Device\Holt
ek\HT32F5xxxx\Source\ARM\startup_ht32f5xxxx_01.s
      At line 419 in file ..\libraries\HT32_STD_5xxxx_FWLib\library\Device\Holt
ek\HT32F5xxxx\Source\ARM\startup_ht32f5xxxx_01.s

BP1 000000E6

Symbol: BP1
   Definitions
      At line 339 in file ..\libraries\HT32_STD_5xxxx_FWLib\library\Device\Holt
ek\HT32F5xxxx\Source\ARM\startup_ht32f5xxxx_01.s
   Uses
      At line 329 in file ..\libraries\HT32_STD_5xxxx_FWLib\library\Device\Holt
ek\HT32F5xxxx\Source\ARM\startup_ht32f5xxxx_01.s
      At line 332 in file ..\libraries\HT32_STD_5xxxx_FWLib\library\Device\Holt
ek\HT32F5xxxx\Source\ARM\startup_ht32f5xxxx_01.s
      At line 335 in file ..\libraries\HT32_STD_5xxxx_FWLib\library\Device\Holt
ek\HT32F5xxxx\Source\ARM\startup_ht32f5xxxx_01.s



ARM Macro Assembler    Page 2 Alphabetic symbol ordering
Relocatable symbols


BP2 000000FA

Symbol: BP2
   Definitions
      At line 349 in file ..\libraries\HT32_STD_5xxxx_FWLib\library\Device\Holt
ek\HT32F5xxxx\Source\ARM\startup_ht32f5xxxx_01.s
   Uses
      At line 338 in file ..\libraries\HT32_STD_5xxxx_FWLib\library\Device\Holt
ek\HT32F5xxxx\Source\ARM\startup_ht32f5xxxx_01.s
Comment: BP2 used once
BP3 00000110

Symbol: BP3
   Definitions
      At line 358 in file ..\libraries\HT32_STD_5xxxx_FWLib\library\Device\Holt
ek\HT32F5xxxx\Source\ARM\startup_ht32f5xxxx_01.s
   Uses
      At line 344 in file ..\libraries\HT32_STD_5xxxx_FWLib\library\Device\Holt
ek\HT32F5xxxx\Source\ARM\startup_ht32f5xxxx_01.s
      At line 346 in file ..\libraries\HT32_STD_5xxxx_FWLib\library\Device\Holt
ek\HT32F5xxxx\Source\ARM\startup_ht32f5xxxx_01.s
      At line 348 in file ..\libraries\HT32_STD_5xxxx_FWLib\library\Device\Holt
ek\HT32F5xxxx\Source\ARM\startup_ht32f5xxxx_01.s

BP4 0000011C

Symbol: BP4
   Definitions
      At line 364 in file ..\libraries\HT32_STD_5xxxx_FWLib\library\Device\Holt
ek\HT32F5xxxx\Source\ARM\startup_ht32f5xxxx_01.s
   Uses
      At line 362 in file ..\libraries\HT32_STD_5xxxx_FWLib\library\Device\Holt
ek\HT32F5xxxx\Source\ARM\startup_ht32f5xxxx_01.s
Comment: BP4 used once
BootProcess 000000CC

Symbol: BootProcess
   Definitions
      At line 325 in file ..\libraries\HT32_STD_5xxxx_FWLib\library\Device\Holt
ek\HT32F5xxxx\Source\ARM\startup_ht32f5xxxx_01.s
   Uses
      At line 317 in file ..\libraries\HT32_STD_5xxxx_FWLib\library\Device\Holt
ek\HT32F5xxxx\Source\ARM\startup_ht32f5xxxx_01.s
Comment: BootProcess used once
COMP_IRQHandler 00000134

Symbol: COMP_IRQHandler
   Definitions
      At line 447 in file ..\libraries\HT32_STD_5xxxx_FWLib\library\Device\Holt
ek\HT32F5xxxx\Source\ARM\startup_ht32f5xxxx_01.s
   Uses
      At line 195 in file ..\libraries\HT32_STD_5xxxx_FWLib\library\Device\Holt
ek\HT32F5xxxx\Source\ARM\startup_ht32f5xxxx_01.s
      At line 407 in file ..\libraries\HT32_STD_5xxxx_FWLib\library\Device\Holt
ek\HT32F5xxxx\Source\ARM\startup_ht32f5xxxx_01.s

Default_Handler 00000134




ARM Macro Assembler    Page 3 Alphabetic symbol ordering
Relocatable symbols

Symbol: Default_Handler
   Definitions
      At line 399 in file ..\libraries\HT32_STD_5xxxx_FWLib\library\Device\Holt
ek\HT32F5xxxx\Source\ARM\startup_ht32f5xxxx_01.s
   Uses
      None
Comment: Default_Handler unused
EVWUP_IRQHandler 00000134

Symbol: EVWUP_IRQHandler
   Definitions
      At line 443 in file ..\libraries\HT32_STD_5xxxx_FWLib\library\Device\Holt
ek\HT32F5xxxx\Source\ARM\startup_ht32f5xxxx_01.s
   Uses
      At line 190 in file ..\libraries\HT32_STD_5xxxx_FWLib\library\Device\Holt
ek\HT32F5xxxx\Source\ARM\startup_ht32f5xxxx_01.s
      At line 403 in file ..\libraries\HT32_STD_5xxxx_FWLib\library\Device\Holt
ek\HT32F5xxxx\Source\ARM\startup_ht32f5xxxx_01.s

EXTI0_1_IRQHandler 00000134

Symbol: EXTI0_1_IRQHandler
   Definitions
      At line 444 in file ..\libraries\HT32_STD_5xxxx_FWLib\library\Device\Holt
ek\HT32F5xxxx\Source\ARM\startup_ht32f5xxxx_01.s
   Uses
      At line 191 in file ..\libraries\HT32_STD_5xxxx_FWLib\library\Device\Holt
ek\HT32F5xxxx\Source\ARM\startup_ht32f5xxxx_01.s
      At line 404 in file ..\libraries\HT32_STD_5xxxx_FWLib\library\Device\Holt
ek\HT32F5xxxx\Source\ARM\startup_ht32f5xxxx_01.s

EXTI2_3_IRQHandler 00000134

Symbol: EXTI2_3_IRQHandler
   Definitions
      At line 445 in file ..\libraries\HT32_STD_5xxxx_FWLib\library\Device\Holt
ek\HT32F5xxxx\Source\ARM\startup_ht32f5xxxx_01.s
   Uses
      At line 192 in file ..\libraries\HT32_STD_5xxxx_FWLib\library\Device\Holt
ek\HT32F5xxxx\Source\ARM\startup_ht32f5xxxx_01.s
      At line 405 in file ..\libraries\HT32_STD_5xxxx_FWLib\library\Device\Holt
ek\HT32F5xxxx\Source\ARM\startup_ht32f5xxxx_01.s

EXTI4_15_IRQHandler 00000134

Symbol: EXTI4_15_IRQHandler
   Definitions
      At line 446 in file ..\libraries\HT32_STD_5xxxx_FWLib\library\Device\Holt
ek\HT32F5xxxx\Source\ARM\startup_ht32f5xxxx_01.s
   Uses
      At line 193 in file ..\libraries\HT32_STD_5xxxx_FWLib\library\Device\Holt
ek\HT32F5xxxx\Source\ARM\startup_ht32f5xxxx_01.s
      At line 406 in file ..\libraries\HT32_STD_5xxxx_FWLib\library\Device\Holt
ek\HT32F5xxxx\Source\ARM\startup_ht32f5xxxx_01.s

FLASH_IRQHandler 00000134

Symbol: FLASH_IRQHandler
   Definitions



ARM Macro Assembler    Page 4 Alphabetic symbol ordering
Relocatable symbols

      At line 442 in file ..\libraries\HT32_STD_5xxxx_FWLib\library\Device\Holt
ek\HT32F5xxxx\Source\ARM\startup_ht32f5xxxx_01.s
   Uses
      At line 189 in file ..\libraries\HT32_STD_5xxxx_FWLib\library\Device\Holt
ek\HT32F5xxxx\Source\ARM\startup_ht32f5xxxx_01.s
      At line 402 in file ..\libraries\HT32_STD_5xxxx_FWLib\library\Device\Holt
ek\HT32F5xxxx\Source\ARM\startup_ht32f5xxxx_01.s

GPTM0_IRQHandler 00000134

Symbol: GPTM0_IRQHandler
   Definitions
      At line 451 in file ..\libraries\HT32_STD_5xxxx_FWLib\library\Device\Holt
ek\HT32F5xxxx\Source\ARM\startup_ht32f5xxxx_01.s
   Uses
      At line 219 in file ..\libraries\HT32_STD_5xxxx_FWLib\library\Device\Holt
ek\HT32F5xxxx\Source\ARM\startup_ht32f5xxxx_01.s
      At line 411 in file ..\libraries\HT32_STD_5xxxx_FWLib\library\Device\Holt
ek\HT32F5xxxx\Source\ARM\startup_ht32f5xxxx_01.s

GPTM1_IRQHandler 00000134

Symbol: GPTM1_IRQHandler
   Definitions
      At line 450 in file ..\libraries\HT32_STD_5xxxx_FWLib\library\Device\Holt
ek\HT32F5xxxx\Source\ARM\startup_ht32f5xxxx_01.s
   Uses
      At line 215 in file ..\libraries\HT32_STD_5xxxx_FWLib\library\Device\Holt
ek\HT32F5xxxx\Source\ARM\startup_ht32f5xxxx_01.s
      At line 410 in file ..\libraries\HT32_STD_5xxxx_FWLib\library\Device\Holt
ek\HT32F5xxxx\Source\ARM\startup_ht32f5xxxx_01.s

HardFault_Handler 0000012C

Symbol: HardFault_Handler
   Definitions
      At line 379 in file ..\libraries\HT32_STD_5xxxx_FWLib\library\Device\Holt
ek\HT32F5xxxx\Source\ARM\startup_ht32f5xxxx_01.s
   Uses
      At line 168 in file ..\libraries\HT32_STD_5xxxx_FWLib\library\Device\Holt
ek\HT32F5xxxx\Source\ARM\startup_ht32f5xxxx_01.s
      At line 380 in file ..\libraries\HT32_STD_5xxxx_FWLib\library\Device\Holt
ek\HT32F5xxxx\Source\ARM\startup_ht32f5xxxx_01.s

I2C0_IRQHandler 00000134

Symbol: I2C0_IRQHandler
   Definitions
      At line 460 in file ..\libraries\HT32_STD_5xxxx_FWLib\library\Device\Holt
ek\HT32F5xxxx\Source\ARM\startup_ht32f5xxxx_01.s
   Uses
      At line 245 in file ..\libraries\HT32_STD_5xxxx_FWLib\library\Device\Holt
ek\HT32F5xxxx\Source\ARM\startup_ht32f5xxxx_01.s
      At line 420 in file ..\libraries\HT32_STD_5xxxx_FWLib\library\Device\Holt
ek\HT32F5xxxx\Source\ARM\startup_ht32f5xxxx_01.s

I2C1_IRQHandler 00000134

Symbol: I2C1_IRQHandler



ARM Macro Assembler    Page 5 Alphabetic symbol ordering
Relocatable symbols

   Definitions
      At line 461 in file ..\libraries\HT32_STD_5xxxx_FWLib\library\Device\Holt
ek\HT32F5xxxx\Source\ARM\startup_ht32f5xxxx_01.s
   Uses
      At line 249 in file ..\libraries\HT32_STD_5xxxx_FWLib\library\Device\Holt
ek\HT32F5xxxx\Source\ARM\startup_ht32f5xxxx_01.s
      At line 421 in file ..\libraries\HT32_STD_5xxxx_FWLib\library\Device\Holt
ek\HT32F5xxxx\Source\ARM\startup_ht32f5xxxx_01.s

I2C2_IRQHandler 00000134

Symbol: I2C2_IRQHandler
   Definitions
      At line 462 in file ..\libraries\HT32_STD_5xxxx_FWLib\library\Device\Holt
ek\HT32F5xxxx\Source\ARM\startup_ht32f5xxxx_01.s
   Uses
      At line 422 in file ..\libraries\HT32_STD_5xxxx_FWLib\library\Device\Holt
ek\HT32F5xxxx\Source\ARM\startup_ht32f5xxxx_01.s
Comment: I2C2_IRQHandler used once
I2S_IRQHandler 00000134

Symbol: I2S_IRQHandler
   Definitions
      At line 474 in file ..\libraries\HT32_STD_5xxxx_FWLib\library\Device\Holt
ek\HT32F5xxxx\Source\ARM\startup_ht32f5xxxx_01.s
   Uses
      At line 290 in file ..\libraries\HT32_STD_5xxxx_FWLib\library\Device\Holt
ek\HT32F5xxxx\Source\ARM\startup_ht32f5xxxx_01.s
      At line 434 in file ..\libraries\HT32_STD_5xxxx_FWLib\library\Device\Holt
ek\HT32F5xxxx\Source\ARM\startup_ht32f5xxxx_01.s

LVD_BOD_IRQHandler 00000134

Symbol: LVD_BOD_IRQHandler
   Definitions
      At line 440 in file ..\libraries\HT32_STD_5xxxx_FWLib\library\Device\Holt
ek\HT32F5xxxx\Source\ARM\startup_ht32f5xxxx_01.s
   Uses
      At line 183 in file ..\libraries\HT32_STD_5xxxx_FWLib\library\Device\Holt
ek\HT32F5xxxx\Source\ARM\startup_ht32f5xxxx_01.s
      At line 400 in file ..\libraries\HT32_STD_5xxxx_FWLib\library\Device\Holt
ek\HT32F5xxxx\Source\ARM\startup_ht32f5xxxx_01.s

MCTM0_IRQHandler 00000134

Symbol: MCTM0_IRQHandler
   Definitions
      At line 449 in file ..\libraries\HT32_STD_5xxxx_FWLib\library\Device\Holt
ek\HT32F5xxxx\Source\ARM\startup_ht32f5xxxx_01.s
   Uses
      At line 212 in file ..\libraries\HT32_STD_5xxxx_FWLib\library\Device\Holt
ek\HT32F5xxxx\Source\ARM\startup_ht32f5xxxx_01.s
      At line 409 in file ..\libraries\HT32_STD_5xxxx_FWLib\library\Device\Holt
ek\HT32F5xxxx\Source\ARM\startup_ht32f5xxxx_01.s

MIDI_IRQHandler 00000134

Symbol: MIDI_IRQHandler
   Definitions



ARM Macro Assembler    Page 6 Alphabetic symbol ordering
Relocatable symbols

      At line 473 in file ..\libraries\HT32_STD_5xxxx_FWLib\library\Device\Holt
ek\HT32F5xxxx\Source\ARM\startup_ht32f5xxxx_01.s
   Uses
      At line 433 in file ..\libraries\HT32_STD_5xxxx_FWLib\library\Device\Holt
ek\HT32F5xxxx\Source\ARM\startup_ht32f5xxxx_01.s
Comment: MIDI_IRQHandler used once
NMI_Handler 0000012A

Symbol: NMI_Handler
   Definitions
      At line 374 in file ..\libraries\HT32_STD_5xxxx_FWLib\library\Device\Holt
ek\HT32F5xxxx\Source\ARM\startup_ht32f5xxxx_01.s
   Uses
      At line 167 in file ..\libraries\HT32_STD_5xxxx_FWLib\library\Device\Holt
ek\HT32F5xxxx\Source\ARM\startup_ht32f5xxxx_01.s
      At line 375 in file ..\libraries\HT32_STD_5xxxx_FWLib\library\Device\Holt
ek\HT32F5xxxx\Source\ARM\startup_ht32f5xxxx_01.s

PDMA_CH0_1_IRQHandler 00000134

Symbol: PDMA_CH0_1_IRQHandler
   Definitions
      At line 477 in file ..\libraries\HT32_STD_5xxxx_FWLib\library\Device\Holt
ek\HT32F5xxxx\Source\ARM\startup_ht32f5xxxx_01.s
   Uses
      At line 308 in file ..\libraries\HT32_STD_5xxxx_FWLib\library\Device\Holt
ek\HT32F5xxxx\Source\ARM\startup_ht32f5xxxx_01.s
      At line 437 in file ..\libraries\HT32_STD_5xxxx_FWLib\library\Device\Holt
ek\HT32F5xxxx\Source\ARM\startup_ht32f5xxxx_01.s

PDMA_CH2_5_IRQHandler 00000134

Symbol: PDMA_CH2_5_IRQHandler
   Definitions
      At line 478 in file ..\libraries\HT32_STD_5xxxx_FWLib\library\Device\Holt
ek\HT32F5xxxx\Source\ARM\startup_ht32f5xxxx_01.s
   Uses
      At line 309 in file ..\libraries\HT32_STD_5xxxx_FWLib\library\Device\Holt
ek\HT32F5xxxx\Source\ARM\startup_ht32f5xxxx_01.s
      At line 438 in file ..\libraries\HT32_STD_5xxxx_FWLib\library\Device\Holt
ek\HT32F5xxxx\Source\ARM\startup_ht32f5xxxx_01.s

PWM0_IRQHandler 00000134

Symbol: PWM0_IRQHandler
   Definitions
      At line 456 in file ..\libraries\HT32_STD_5xxxx_FWLib\library\Device\Holt
ek\HT32F5xxxx\Source\ARM\startup_ht32f5xxxx_01.s
   Uses
      At line 416 in file ..\libraries\HT32_STD_5xxxx_FWLib\library\Device\Holt
ek\HT32F5xxxx\Source\ARM\startup_ht32f5xxxx_01.s
Comment: PWM0_IRQHandler used once
PWM1_IRQHandler 00000134

Symbol: PWM1_IRQHandler
   Definitions
      At line 457 in file ..\libraries\HT32_STD_5xxxx_FWLib\library\Device\Holt
ek\HT32F5xxxx\Source\ARM\startup_ht32f5xxxx_01.s
   Uses



ARM Macro Assembler    Page 7 Alphabetic symbol ordering
Relocatable symbols

      At line 417 in file ..\libraries\HT32_STD_5xxxx_FWLib\library\Device\Holt
ek\HT32F5xxxx\Source\ARM\startup_ht32f5xxxx_01.s
Comment: PWM1_IRQHandler used once
PendSV_Handler 00000130

Symbol: PendSV_Handler
   Definitions
      At line 389 in file ..\libraries\HT32_STD_5xxxx_FWLib\library\Device\Holt
ek\HT32F5xxxx\Source\ARM\startup_ht32f5xxxx_01.s
   Uses
      At line 179 in file ..\libraries\HT32_STD_5xxxx_FWLib\library\Device\Holt
ek\HT32F5xxxx\Source\ARM\startup_ht32f5xxxx_01.s
      At line 390 in file ..\libraries\HT32_STD_5xxxx_FWLib\library\Device\Holt
ek\HT32F5xxxx\Source\ARM\startup_ht32f5xxxx_01.s

QSPI_IRQHandler 00000134

Symbol: QSPI_IRQHandler
   Definitions
      At line 465 in file ..\libraries\HT32_STD_5xxxx_FWLib\library\Device\Holt
ek\HT32F5xxxx\Source\ARM\startup_ht32f5xxxx_01.s
   Uses
      At line 425 in file ..\libraries\HT32_STD_5xxxx_FWLib\library\Device\Holt
ek\HT32F5xxxx\Source\ARM\startup_ht32f5xxxx_01.s
Comment: QSPI_IRQHandler used once
RESET 00000000

Symbol: RESET
   Definitions
      At line 161 in file ..\libraries\HT32_STD_5xxxx_FWLib\library\Device\Holt
ek\HT32F5xxxx\Source\ARM\startup_ht32f5xxxx_01.s
   Uses
      None
Comment: RESET unused
RTC_IRQHandler 00000134

Symbol: RTC_IRQHandler
   Definitions
      At line 441 in file ..\libraries\HT32_STD_5xxxx_FWLib\library\Device\Holt
ek\HT32F5xxxx\Source\ARM\startup_ht32f5xxxx_01.s
   Uses
      At line 187 in file ..\libraries\HT32_STD_5xxxx_FWLib\library\Device\Holt
ek\HT32F5xxxx\Source\ARM\startup_ht32f5xxxx_01.s
      At line 401 in file ..\libraries\HT32_STD_5xxxx_FWLib\library\Device\Holt
ek\HT32F5xxxx\Source\ARM\startup_ht32f5xxxx_01.s

Reset_Handler 000000C0

Symbol: Reset_Handler
   Definitions
      At line 313 in file ..\libraries\HT32_STD_5xxxx_FWLib\library\Device\Holt
ek\HT32F5xxxx\Source\ARM\startup_ht32f5xxxx_01.s
   Uses
      At line 166 in file ..\libraries\HT32_STD_5xxxx_FWLib\library\Device\Holt
ek\HT32F5xxxx\Source\ARM\startup_ht32f5xxxx_01.s
      At line 314 in file ..\libraries\HT32_STD_5xxxx_FWLib\library\Device\Holt
ek\HT32F5xxxx\Source\ARM\startup_ht32f5xxxx_01.s

SCI_IRQHandler 00000134



ARM Macro Assembler    Page 8 Alphabetic symbol ordering
Relocatable symbols


Symbol: SCI_IRQHandler
   Definitions
      At line 472 in file ..\libraries\HT32_STD_5xxxx_FWLib\library\Device\Holt
ek\HT32F5xxxx\Source\ARM\startup_ht32f5xxxx_01.s
   Uses
      At line 278 in file ..\libraries\HT32_STD_5xxxx_FWLib\library\Device\Holt
ek\HT32F5xxxx\Source\ARM\startup_ht32f5xxxx_01.s
      At line 432 in file ..\libraries\HT32_STD_5xxxx_FWLib\library\Device\Holt
ek\HT32F5xxxx\Source\ARM\startup_ht32f5xxxx_01.s

SCTM0_IRQHandler 00000134

Symbol: SCTM0_IRQHandler
   Definitions
      At line 452 in file ..\libraries\HT32_STD_5xxxx_FWLib\library\Device\Holt
ek\HT32F5xxxx\Source\ARM\startup_ht32f5xxxx_01.s
   Uses
      At line 224 in file ..\libraries\HT32_STD_5xxxx_FWLib\library\Device\Holt
ek\HT32F5xxxx\Source\ARM\startup_ht32f5xxxx_01.s
      At line 412 in file ..\libraries\HT32_STD_5xxxx_FWLib\library\Device\Holt
ek\HT32F5xxxx\Source\ARM\startup_ht32f5xxxx_01.s

SCTM1_IRQHandler 00000134

Symbol: SCTM1_IRQHandler
   Definitions
      At line 453 in file ..\libraries\HT32_STD_5xxxx_FWLib\library\Device\Holt
ek\HT32F5xxxx\Source\ARM\startup_ht32f5xxxx_01.s
   Uses
      At line 225 in file ..\libraries\HT32_STD_5xxxx_FWLib\library\Device\Holt
ek\HT32F5xxxx\Source\ARM\startup_ht32f5xxxx_01.s
      At line 413 in file ..\libraries\HT32_STD_5xxxx_FWLib\library\Device\Holt
ek\HT32F5xxxx\Source\ARM\startup_ht32f5xxxx_01.s

SCTM2_IRQHandler 00000134

Symbol: SCTM2_IRQHandler
   Definitions
      At line 454 in file ..\libraries\HT32_STD_5xxxx_FWLib\library\Device\Holt
ek\HT32F5xxxx\Source\ARM\startup_ht32f5xxxx_01.s
   Uses
      At line 414 in file ..\libraries\HT32_STD_5xxxx_FWLib\library\Device\Holt
ek\HT32F5xxxx\Source\ARM\startup_ht32f5xxxx_01.s
Comment: SCTM2_IRQHandler used once
SCTM3_IRQHandler 00000134

Symbol: SCTM3_IRQHandler
   Definitions
      At line 455 in file ..\libraries\HT32_STD_5xxxx_FWLib\library\Device\Holt
ek\HT32F5xxxx\Source\ARM\startup_ht32f5xxxx_01.s
   Uses
      At line 415 in file ..\libraries\HT32_STD_5xxxx_FWLib\library\Device\Holt
ek\HT32F5xxxx\Source\ARM\startup_ht32f5xxxx_01.s
Comment: SCTM3_IRQHandler used once
SPI0_IRQHandler 00000134

Symbol: SPI0_IRQHandler
   Definitions



ARM Macro Assembler    Page 9 Alphabetic symbol ordering
Relocatable symbols

      At line 463 in file ..\libraries\HT32_STD_5xxxx_FWLib\library\Device\Holt
ek\HT32F5xxxx\Source\ARM\startup_ht32f5xxxx_01.s
   Uses
      At line 251 in file ..\libraries\HT32_STD_5xxxx_FWLib\library\Device\Holt
ek\HT32F5xxxx\Source\ARM\startup_ht32f5xxxx_01.s
      At line 423 in file ..\libraries\HT32_STD_5xxxx_FWLib\library\Device\Holt
ek\HT32F5xxxx\Source\ARM\startup_ht32f5xxxx_01.s

SPI1_IRQHandler 00000134

Symbol: SPI1_IRQHandler
   Definitions
      At line 464 in file ..\libraries\HT32_STD_5xxxx_FWLib\library\Device\Holt
ek\HT32F5xxxx\Source\ARM\startup_ht32f5xxxx_01.s
   Uses
      At line 258 in file ..\libraries\HT32_STD_5xxxx_FWLib\library\Device\Holt
ek\HT32F5xxxx\Source\ARM\startup_ht32f5xxxx_01.s
      At line 424 in file ..\libraries\HT32_STD_5xxxx_FWLib\library\Device\Holt
ek\HT32F5xxxx\Source\ARM\startup_ht32f5xxxx_01.s

SVC_Handler 0000012E

Symbol: SVC_Handler
   Definitions
      At line 384 in file ..\libraries\HT32_STD_5xxxx_FWLib\library\Device\Holt
ek\HT32F5xxxx\Source\ARM\startup_ht32f5xxxx_01.s
   Uses
      At line 176 in file ..\libraries\HT32_STD_5xxxx_FWLib\library\Device\Holt
ek\HT32F5xxxx\Source\ARM\startup_ht32f5xxxx_01.s
      At line 385 in file ..\libraries\HT32_STD_5xxxx_FWLib\library\Device\Holt
ek\HT32F5xxxx\Source\ARM\startup_ht32f5xxxx_01.s

SysTick_Handler 00000132

Symbol: SysTick_Handler
   Definitions
      At line 394 in file ..\libraries\HT32_STD_5xxxx_FWLib\library\Device\Holt
ek\HT32F5xxxx\Source\ARM\startup_ht32f5xxxx_01.s
   Uses
      At line 180 in file ..\libraries\HT32_STD_5xxxx_FWLib\library\Device\Holt
ek\HT32F5xxxx\Source\ARM\startup_ht32f5xxxx_01.s
      At line 395 in file ..\libraries\HT32_STD_5xxxx_FWLib\library\Device\Holt
ek\HT32F5xxxx\Source\ARM\startup_ht32f5xxxx_01.s

UART0_IRQHandler 00000134

Symbol: UART0_IRQHandler
   Definitions
      At line 468 in file ..\libraries\HT32_STD_5xxxx_FWLib\library\Device\Holt
ek\HT32F5xxxx\Source\ARM\startup_ht32f5xxxx_01.s
   Uses
      At line 271 in file ..\libraries\HT32_STD_5xxxx_FWLib\library\Device\Holt
ek\HT32F5xxxx\Source\ARM\startup_ht32f5xxxx_01.s
      At line 428 in file ..\libraries\HT32_STD_5xxxx_FWLib\library\Device\Holt
ek\HT32F5xxxx\Source\ARM\startup_ht32f5xxxx_01.s

UART1_IRQHandler 00000134

Symbol: UART1_IRQHandler



ARM Macro Assembler    Page 10 Alphabetic symbol ordering
Relocatable symbols

   Definitions
      At line 469 in file ..\libraries\HT32_STD_5xxxx_FWLib\library\Device\Holt
ek\HT32F5xxxx\Source\ARM\startup_ht32f5xxxx_01.s
   Uses
      At line 275 in file ..\libraries\HT32_STD_5xxxx_FWLib\library\Device\Holt
ek\HT32F5xxxx\Source\ARM\startup_ht32f5xxxx_01.s
      At line 429 in file ..\libraries\HT32_STD_5xxxx_FWLib\library\Device\Holt
ek\HT32F5xxxx\Source\ARM\startup_ht32f5xxxx_01.s

UART2_IRQHandler 00000134

Symbol: UART2_IRQHandler
   Definitions
      At line 470 in file ..\libraries\HT32_STD_5xxxx_FWLib\library\Device\Holt
ek\HT32F5xxxx\Source\ARM\startup_ht32f5xxxx_01.s
   Uses
      At line 430 in file ..\libraries\HT32_STD_5xxxx_FWLib\library\Device\Holt
ek\HT32F5xxxx\Source\ARM\startup_ht32f5xxxx_01.s
Comment: UART2_IRQHandler used once
UART3_IRQHandler 00000134

Symbol: UART3_IRQHandler
   Definitions
      At line 471 in file ..\libraries\HT32_STD_5xxxx_FWLib\library\Device\Holt
ek\HT32F5xxxx\Source\ARM\startup_ht32f5xxxx_01.s
   Uses
      At line 431 in file ..\libraries\HT32_STD_5xxxx_FWLib\library\Device\Holt
ek\HT32F5xxxx\Source\ARM\startup_ht32f5xxxx_01.s
Comment: UART3_IRQHandler used once
USART0_IRQHandler 00000134

Symbol: USART0_IRQHandler
   Definitions
      At line 466 in file ..\libraries\HT32_STD_5xxxx_FWLib\library\Device\Holt
ek\HT32F5xxxx\Source\ARM\startup_ht32f5xxxx_01.s
   Uses
      At line 264 in file ..\libraries\HT32_STD_5xxxx_FWLib\library\Device\Holt
ek\HT32F5xxxx\Source\ARM\startup_ht32f5xxxx_01.s
      At line 426 in file ..\libraries\HT32_STD_5xxxx_FWLib\library\Device\Holt
ek\HT32F5xxxx\Source\ARM\startup_ht32f5xxxx_01.s

USART1_IRQHandler 00000134

Symbol: USART1_IRQHandler
   Definitions
      At line 467 in file ..\libraries\HT32_STD_5xxxx_FWLib\library\Device\Holt
ek\HT32F5xxxx\Source\ARM\startup_ht32f5xxxx_01.s
   Uses
      At line 267 in file ..\libraries\HT32_STD_5xxxx_FWLib\library\Device\Holt
ek\HT32F5xxxx\Source\ARM\startup_ht32f5xxxx_01.s
      At line 427 in file ..\libraries\HT32_STD_5xxxx_FWLib\library\Device\Holt
ek\HT32F5xxxx\Source\ARM\startup_ht32f5xxxx_01.s

USB_IRQHandler 00000134

Symbol: USB_IRQHandler
   Definitions
      At line 476 in file ..\libraries\HT32_STD_5xxxx_FWLib\library\Device\Holt
ek\HT32F5xxxx\Source\ARM\startup_ht32f5xxxx_01.s



ARM Macro Assembler    Page 11 Alphabetic symbol ordering
Relocatable symbols

   Uses
      At line 302 in file ..\libraries\HT32_STD_5xxxx_FWLib\library\Device\Holt
ek\HT32F5xxxx\Source\ARM\startup_ht32f5xxxx_01.s
      At line 436 in file ..\libraries\HT32_STD_5xxxx_FWLib\library\Device\Holt
ek\HT32F5xxxx\Source\ARM\startup_ht32f5xxxx_01.s

__Vectors 00000000

Symbol: __Vectors
   Definitions
      At line 164 in file ..\libraries\HT32_STD_5xxxx_FWLib\library\Device\Holt
ek\HT32F5xxxx\Source\ARM\startup_ht32f5xxxx_01.s
   Uses
      At line 162 in file ..\libraries\HT32_STD_5xxxx_FWLib\library\Device\Holt
ek\HT32F5xxxx\Source\ARM\startup_ht32f5xxxx_01.s
Comment: __Vectors used once
53 symbols



ARM Macro Assembler    Page 1 Alphabetic symbol ordering
Absolute symbols

HT32F0006 0000000A

Symbol: HT32F0006
   Definitions
      At line 99 in file ..\libraries\HT32_STD_5xxxx_FWLib\library\Device\Holte
k\HT32F5xxxx\Source\ARM\startup_ht32f5xxxx_01.s
   Uses
      At line 209 in file ..\libraries\HT32_STD_5xxxx_FWLib\library\Device\Holt
ek\HT32F5xxxx\Source\ARM\startup_ht32f5xxxx_01.s
      At line 227 in file ..\libraries\HT32_STD_5xxxx_FWLib\library\Device\Holt
ek\HT32F5xxxx\Source\ARM\startup_ht32f5xxxx_01.s
      At line 246 in file ..\libraries\HT32_STD_5xxxx_FWLib\library\Device\Holt
ek\HT32F5xxxx\Source\ARM\startup_ht32f5xxxx_01.s
      At line 255 in file ..\libraries\HT32_STD_5xxxx_FWLib\library\Device\Holt
ek\HT32F5xxxx\Source\ARM\startup_ht32f5xxxx_01.s
      At line 272 in file ..\libraries\HT32_STD_5xxxx_FWLib\library\Device\Holt
ek\HT32F5xxxx\Source\ARM\startup_ht32f5xxxx_01.s
      At line 283 in file ..\libraries\HT32_STD_5xxxx_FWLib\library\Device\Holt
ek\HT32F5xxxx\Source\ARM\startup_ht32f5xxxx_01.s
      At line 289 in file ..\libraries\HT32_STD_5xxxx_FWLib\library\Device\Holt
ek\HT32F5xxxx\Source\ARM\startup_ht32f5xxxx_01.s
      At line 301 in file ..\libraries\HT32_STD_5xxxx_FWLib\library\Device\Holt
ek\HT32F5xxxx\Source\ARM\startup_ht32f5xxxx_01.s
      At line 307 in file ..\libraries\HT32_STD_5xxxx_FWLib\library\Device\Holt
ek\HT32F5xxxx\Source\ARM\startup_ht32f5xxxx_01.s

HT32F0008 00000006

Symbol: HT32F0008
   Definitions
      At line 97 in file ..\libraries\HT32_STD_5xxxx_FWLib\library\Device\Holte
k\HT32F5xxxx\Source\ARM\startup_ht32f5xxxx_01.s
   Uses
      At line 199 in file ..\libraries\HT32_STD_5xxxx_FWLib\library\Device\Holt
ek\HT32F5xxxx\Source\ARM\startup_ht32f5xxxx_01.s
      At line 209 in file ..\libraries\HT32_STD_5xxxx_FWLib\library\Device\Holt
ek\HT32F5xxxx\Source\ARM\startup_ht32f5xxxx_01.s
      At line 220 in file ..\libraries\HT32_STD_5xxxx_FWLib\library\Device\Holt
ek\HT32F5xxxx\Source\ARM\startup_ht32f5xxxx_01.s
      At line 231 in file ..\libraries\HT32_STD_5xxxx_FWLib\library\Device\Holt
ek\HT32F5xxxx\Source\ARM\startup_ht32f5xxxx_01.s
      At line 246 in file ..\libraries\HT32_STD_5xxxx_FWLib\library\Device\Holt
ek\HT32F5xxxx\Source\ARM\startup_ht32f5xxxx_01.s
      At line 252 in file ..\libraries\HT32_STD_5xxxx_FWLib\library\Device\Holt
ek\HT32F5xxxx\Source\ARM\startup_ht32f5xxxx_01.s
      At line 272 in file ..\libraries\HT32_STD_5xxxx_FWLib\library\Device\Holt
ek\HT32F5xxxx\Source\ARM\startup_ht32f5xxxx_01.s
      At line 286 in file ..\libraries\HT32_STD_5xxxx_FWLib\library\Device\Holt
ek\HT32F5xxxx\Source\ARM\startup_ht32f5xxxx_01.s
      At line 298 in file ..\libraries\HT32_STD_5xxxx_FWLib\library\Device\Holt
ek\HT32F5xxxx\Source\ARM\startup_ht32f5xxxx_01.s
      At line 301 in file ..\libraries\HT32_STD_5xxxx_FWLib\library\Device\Holt
ek\HT32F5xxxx\Source\ARM\startup_ht32f5xxxx_01.s
      At line 307 in file ..\libraries\HT32_STD_5xxxx_FWLib\library\Device\Holt
ek\HT32F5xxxx\Source\ARM\startup_ht32f5xxxx_01.s

HT32F52220_30 00000001

Symbol: HT32F52220_30



ARM Macro Assembler    Page 2 Alphabetic symbol ordering
Absolute symbols

   Definitions
      At line 92 in file ..\libraries\HT32_STD_5xxxx_FWLib\library\Device\Holte
k\HT32F5xxxx\Source\ARM\startup_ht32f5xxxx_01.s
   Uses
      At line 184 in file ..\libraries\HT32_STD_5xxxx_FWLib\library\Device\Holt
ek\HT32F5xxxx\Source\ARM\startup_ht32f5xxxx_01.s
      At line 209 in file ..\libraries\HT32_STD_5xxxx_FWLib\library\Device\Holt
ek\HT32F5xxxx\Source\ARM\startup_ht32f5xxxx_01.s
      At line 235 in file ..\libraries\HT32_STD_5xxxx_FWLib\library\Device\Holt
ek\HT32F5xxxx\Source\ARM\startup_ht32f5xxxx_01.s
      At line 240 in file ..\libraries\HT32_STD_5xxxx_FWLib\library\Device\Holt
ek\HT32F5xxxx\Source\ARM\startup_ht32f5xxxx_01.s
      At line 246 in file ..\libraries\HT32_STD_5xxxx_FWLib\library\Device\Holt
ek\HT32F5xxxx\Source\ARM\startup_ht32f5xxxx_01.s
      At line 252 in file ..\libraries\HT32_STD_5xxxx_FWLib\library\Device\Holt
ek\HT32F5xxxx\Source\ARM\startup_ht32f5xxxx_01.s
      At line 272 in file ..\libraries\HT32_STD_5xxxx_FWLib\library\Device\Holt
ek\HT32F5xxxx\Source\ARM\startup_ht32f5xxxx_01.s

HT32F52231_41 00000002

Symbol: HT32F52231_41
   Definitions
      At line 93 in file ..\libraries\HT32_STD_5xxxx_FWLib\library\Device\Holte
k\HT32F5xxxx\Source\ARM\startup_ht32f5xxxx_01.s
   Uses
      At line 227 in file ..\libraries\HT32_STD_5xxxx_FWLib\library\Device\Holt
ek\HT32F5xxxx\Source\ARM\startup_ht32f5xxxx_01.s
Comment: HT32F52231_41 used once
HT32F52243_53 00000005

Symbol: HT32F52243_53
   Definitions
      At line 96 in file ..\libraries\HT32_STD_5xxxx_FWLib\library\Device\Holte
k\HT32F5xxxx\Source\ARM\startup_ht32f5xxxx_01.s
   Uses
      At line 204 in file ..\libraries\HT32_STD_5xxxx_FWLib\library\Device\Holt
ek\HT32F5xxxx\Source\ARM\startup_ht32f5xxxx_01.s
      At line 227 in file ..\libraries\HT32_STD_5xxxx_FWLib\library\Device\Holt
ek\HT32F5xxxx\Source\ARM\startup_ht32f5xxxx_01.s
      At line 266 in file ..\libraries\HT32_STD_5xxxx_FWLib\library\Device\Holt
ek\HT32F5xxxx\Source\ARM\startup_ht32f5xxxx_01.s
      At line 280 in file ..\libraries\HT32_STD_5xxxx_FWLib\library\Device\Holt
ek\HT32F5xxxx\Source\ARM\startup_ht32f5xxxx_01.s
      At line 295 in file ..\libraries\HT32_STD_5xxxx_FWLib\library\Device\Holt
ek\HT32F5xxxx\Source\ARM\startup_ht32f5xxxx_01.s
      At line 304 in file ..\libraries\HT32_STD_5xxxx_FWLib\library\Device\Holt
ek\HT32F5xxxx\Source\ARM\startup_ht32f5xxxx_01.s
      At line 307 in file ..\libraries\HT32_STD_5xxxx_FWLib\library\Device\Holt
ek\HT32F5xxxx\Source\ARM\startup_ht32f5xxxx_01.s

HT32F52331_41 00000003

Symbol: HT32F52331_41
   Definitions
      At line 94 in file ..\libraries\HT32_STD_5xxxx_FWLib\library\Device\Holte
k\HT32F5xxxx\Source\ARM\startup_ht32f5xxxx_01.s
   Uses
      At line 227 in file ..\libraries\HT32_STD_5xxxx_FWLib\library\Device\Holt



ARM Macro Assembler    Page 3 Alphabetic symbol ordering
Absolute symbols

ek\HT32F5xxxx\Source\ARM\startup_ht32f5xxxx_01.s
      At line 277 in file ..\libraries\HT32_STD_5xxxx_FWLib\library\Device\Holt
ek\HT32F5xxxx\Source\ARM\startup_ht32f5xxxx_01.s
      At line 292 in file ..\libraries\HT32_STD_5xxxx_FWLib\library\Device\Holt
ek\HT32F5xxxx\Source\ARM\startup_ht32f5xxxx_01.s
      At line 301 in file ..\libraries\HT32_STD_5xxxx_FWLib\library\Device\Holt
ek\HT32F5xxxx\Source\ARM\startup_ht32f5xxxx_01.s

HT32F52342_52 00000004

Symbol: HT32F52342_52
   Definitions
      At line 95 in file ..\libraries\HT32_STD_5xxxx_FWLib\library\Device\Holte
k\HT32F5xxxx\Source\ARM\startup_ht32f5xxxx_01.s
   Uses
      At line 194 in file ..\libraries\HT32_STD_5xxxx_FWLib\library\Device\Holt
ek\HT32F5xxxx\Source\ARM\startup_ht32f5xxxx_01.s
      At line 214 in file ..\libraries\HT32_STD_5xxxx_FWLib\library\Device\Holt
ek\HT32F5xxxx\Source\ARM\startup_ht32f5xxxx_01.s
      At line 235 in file ..\libraries\HT32_STD_5xxxx_FWLib\library\Device\Holt
ek\HT32F5xxxx\Source\ARM\startup_ht32f5xxxx_01.s
      At line 266 in file ..\libraries\HT32_STD_5xxxx_FWLib\library\Device\Holt
ek\HT32F5xxxx\Source\ARM\startup_ht32f5xxxx_01.s
      At line 277 in file ..\libraries\HT32_STD_5xxxx_FWLib\library\Device\Holt
ek\HT32F5xxxx\Source\ARM\startup_ht32f5xxxx_01.s
      At line 289 in file ..\libraries\HT32_STD_5xxxx_FWLib\library\Device\Holt
ek\HT32F5xxxx\Source\ARM\startup_ht32f5xxxx_01.s
      At line 301 in file ..\libraries\HT32_STD_5xxxx_FWLib\library\Device\Holt
ek\HT32F5xxxx\Source\ARM\startup_ht32f5xxxx_01.s
      At line 307 in file ..\libraries\HT32_STD_5xxxx_FWLib\library\Device\Holt
ek\HT32F5xxxx\Source\ARM\startup_ht32f5xxxx_01.s

HT32F52344_54 00000009

Symbol: HT32F52344_54
   Definitions
      At line 98 in file ..\libraries\HT32_STD_5xxxx_FWLib\library\Device\Holte
k\HT32F5xxxx\Source\ARM\startup_ht32f5xxxx_01.s
   Uses
      At line 194 in file ..\libraries\HT32_STD_5xxxx_FWLib\library\Device\Holt
ek\HT32F5xxxx\Source\ARM\startup_ht32f5xxxx_01.s
      At line 235 in file ..\libraries\HT32_STD_5xxxx_FWLib\library\Device\Holt
ek\HT32F5xxxx\Source\ARM\startup_ht32f5xxxx_01.s
      At line 246 in file ..\libraries\HT32_STD_5xxxx_FWLib\library\Device\Holt
ek\HT32F5xxxx\Source\ARM\startup_ht32f5xxxx_01.s
      At line 261 in file ..\libraries\HT32_STD_5xxxx_FWLib\library\Device\Holt
ek\HT32F5xxxx\Source\ARM\startup_ht32f5xxxx_01.s
      At line 286 in file ..\libraries\HT32_STD_5xxxx_FWLib\library\Device\Holt
ek\HT32F5xxxx\Source\ARM\startup_ht32f5xxxx_01.s
      At line 292 in file ..\libraries\HT32_STD_5xxxx_FWLib\library\Device\Holt
ek\HT32F5xxxx\Source\ARM\startup_ht32f5xxxx_01.s
      At line 301 in file ..\libraries\HT32_STD_5xxxx_FWLib\library\Device\Holt
ek\HT32F5xxxx\Source\ARM\startup_ht32f5xxxx_01.s
      At line 307 in file ..\libraries\HT32_STD_5xxxx_FWLib\library\Device\Holt
ek\HT32F5xxxx\Source\ARM\startup_ht32f5xxxx_01.s

HT32F59045 00000002

Symbol: HT32F59045



ARM Macro Assembler    Page 4 Alphabetic symbol ordering
Absolute symbols

   Definitions
      At line 110 in file ..\libraries\HT32_STD_5xxxx_FWLib\library\Device\Holt
ek\HT32F5xxxx\Source\ARM\startup_ht32f5xxxx_01.s
   Uses
      None
Comment: HT32F59045 unused
HT32F61352 0000000A

Symbol: HT32F61352
   Definitions
      At line 100 in file ..\libraries\HT32_STD_5xxxx_FWLib\library\Device\Holt
ek\HT32F5xxxx\Source\ARM\startup_ht32f5xxxx_01.s
   Uses
      None
Comment: HT32F61352 unused
HT32F62030 00000001

Symbol: HT32F62030
   Definitions
      At line 103 in file ..\libraries\HT32_STD_5xxxx_FWLib\library\Device\Holt
ek\HT32F5xxxx\Source\ARM\startup_ht32f5xxxx_01.s
   Uses
      None
Comment: HT32F62030 unused
HT32F62040 00000002

Symbol: HT32F62040
   Definitions
      At line 104 in file ..\libraries\HT32_STD_5xxxx_FWLib\library\Device\Holt
ek\HT32F5xxxx\Source\ARM\startup_ht32f5xxxx_01.s
   Uses
      None
Comment: HT32F62040 unused
HT32F62050 00000005

Symbol: HT32F62050
   Definitions
      At line 105 in file ..\libraries\HT32_STD_5xxxx_FWLib\library\Device\Holt
ek\HT32F5xxxx\Source\ARM\startup_ht32f5xxxx_01.s
   Uses
      None
Comment: HT32F62050 unused
HT32F62140 00000002

Symbol: HT32F62140
   Definitions
      At line 106 in file ..\libraries\HT32_STD_5xxxx_FWLib\library\Device\Holt
ek\HT32F5xxxx\Source\ARM\startup_ht32f5xxxx_01.s
   Uses
      None
Comment: HT32F62140 unused
HT32F67232 00000001

Symbol: HT32F67232
   Definitions
      At line 108 in file ..\libraries\HT32_STD_5xxxx_FWLib\library\Device\Holt
ek\HT32F5xxxx\Source\ARM\startup_ht32f5xxxx_01.s
   Uses
      None



ARM Macro Assembler    Page 5 Alphabetic symbol ordering
Absolute symbols

Comment: HT32F67232 unused
HT32F67233 00000001

Symbol: HT32F67233
   Definitions
      At line 109 in file ..\libraries\HT32_STD_5xxxx_FWLib\library\Device\Holt
ek\HT32F5xxxx\Source\ARM\startup_ht32f5xxxx_01.s
   Uses
      None
Comment: HT32F67233 unused
HT32F67741 00000002

Symbol: HT32F67741
   Definitions
      At line 107 in file ..\libraries\HT32_STD_5xxxx_FWLib\library\Device\Holt
ek\HT32F5xxxx\Source\ARM\startup_ht32f5xxxx_01.s
   Uses
      None
Comment: HT32F67741 unused
HT50F32003 00000004

Symbol: HT50F32003
   Definitions
      At line 101 in file ..\libraries\HT32_STD_5xxxx_FWLib\library\Device\Holt
ek\HT32F5xxxx\Source\ARM\startup_ht32f5xxxx_01.s
   Uses
      None
Comment: HT50F32003 unused
HT50F3200U 00000002

Symbol: HT50F3200U
   Definitions
      At line 102 in file ..\libraries\HT32_STD_5xxxx_FWLib\library\Device\Holt
ek\HT32F5xxxx\Source\ARM\startup_ht32f5xxxx_01.s
   Uses
      None
Comment: HT50F3200U unused
Heap_Size 00000000

Symbol: Heap_Size
   Definitions
      At line 147 in file ..\libraries\HT32_STD_5xxxx_FWLib\library\Device\Holt
ek\HT32F5xxxx\Source\ARM\startup_ht32f5xxxx_01.s
   Uses
      At line 152 in file ..\libraries\HT32_STD_5xxxx_FWLib\library\Device\Holt
ek\HT32F5xxxx\Source\ARM\startup_ht32f5xxxx_01.s
Comment: Heap_Size used once
MXTX52231 00000002

Symbol: MXTX52231
   Definitions
      At line 111 in file ..\libraries\HT32_STD_5xxxx_FWLib\library\Device\Holt
ek\HT32F5xxxx\Source\ARM\startup_ht32f5xxxx_01.s
   Uses
      None
Comment: MXTX52231 unused
MXTX52352 00000004

Symbol: MXTX52352



ARM Macro Assembler    Page 6 Alphabetic symbol ordering
Absolute symbols

   Definitions
      At line 112 in file ..\libraries\HT32_STD_5xxxx_FWLib\library\Device\Holt
ek\HT32F5xxxx\Source\ARM\startup_ht32f5xxxx_01.s
   Uses
      None
Comment: MXTX52352 unused
Stack_Size 00000200

Symbol: Stack_Size
   Definitions
      At line 135 in file ..\libraries\HT32_STD_5xxxx_FWLib\library\Device\Holt
ek\HT32F5xxxx\Source\ARM\startup_ht32f5xxxx_01.s
   Uses
      At line 139 in file ..\libraries\HT32_STD_5xxxx_FWLib\library\Device\Holt
ek\HT32F5xxxx\Source\ARM\startup_ht32f5xxxx_01.s
Comment: Stack_Size used once
USE_HT32_CHIP_SET 00000000

Symbol: USE_HT32_CHIP_SET
   Definitions
      At line 63 in file ..\libraries\HT32_STD_5xxxx_FWLib\library\Device\Holte
k\HT32F5xxxx\Source\ARM\startup_ht32f5xxxx_01.s
   Uses
      At line 114 in file ..\libraries\HT32_STD_5xxxx_FWLib\library\Device\Holt
ek\HT32F5xxxx\Source\ARM\startup_ht32f5xxxx_01.s
Comment: USE_HT32_CHIP_SET used once
USE_STACK_ON_TOP 00000000

Symbol: USE_STACK_ON_TOP
   Definitions
      At line 131 in file ..\libraries\HT32_STD_5xxxx_FWLib\library\Device\Holt
ek\HT32F5xxxx\Source\ARM\startup_ht32f5xxxx_01.s
   Uses
      At line 140 in file ..\libraries\HT32_STD_5xxxx_FWLib\library\Device\Holt
ek\HT32F5xxxx\Source\ARM\startup_ht32f5xxxx_01.s
Comment: USE_STACK_ON_TOP used once
_HT32FWID FFFFFFFF

Symbol: _HT32FWID
   Definitions
      At line 65 in file ..\libraries\HT32_STD_5xxxx_FWLib\library\Device\Holte
k\HT32F5xxxx\Source\ARM\startup_ht32f5xxxx_01.s
   Uses
      At line 173 in file ..\libraries\HT32_STD_5xxxx_FWLib\library\Device\Holt
ek\HT32F5xxxx\Source\ARM\startup_ht32f5xxxx_01.s
Comment: _HT32FWID used once
_RESERVED FFFFFFFF

Symbol: _RESERVED
   Definitions
      At line 163 in file ..\libraries\HT32_STD_5xxxx_FWLib\library\Device\Holt
ek\HT32F5xxxx\Source\ARM\startup_ht32f5xxxx_01.s
   Uses
      At line 169 in file ..\libraries\HT32_STD_5xxxx_FWLib\library\Device\Holt
ek\HT32F5xxxx\Source\ARM\startup_ht32f5xxxx_01.s
      At line 170 in file ..\libraries\HT32_STD_5xxxx_FWLib\library\Device\Holt
ek\HT32F5xxxx\Source\ARM\startup_ht32f5xxxx_01.s
      At line 171 in file ..\libraries\HT32_STD_5xxxx_FWLib\library\Device\Holt
ek\HT32F5xxxx\Source\ARM\startup_ht32f5xxxx_01.s



ARM Macro Assembler    Page 7 Alphabetic symbol ordering
Absolute symbols

      At line 172 in file ..\libraries\HT32_STD_5xxxx_FWLib\library\Device\Holt
ek\HT32F5xxxx\Source\ARM\startup_ht32f5xxxx_01.s
      At line 174 in file ..\libraries\HT32_STD_5xxxx_FWLib\library\Device\Holt
ek\HT32F5xxxx\Source\ARM\startup_ht32f5xxxx_01.s
      At line 175 in file ..\libraries\HT32_STD_5xxxx_FWLib\library\Device\Holt
ek\HT32F5xxxx\Source\ARM\startup_ht32f5xxxx_01.s
      At line 177 in file ..\libraries\HT32_STD_5xxxx_FWLib\library\Device\Holt
ek\HT32F5xxxx\Source\ARM\startup_ht32f5xxxx_01.s
      At line 178 in file ..\libraries\HT32_STD_5xxxx_FWLib\library\Device\Holt
ek\HT32F5xxxx\Source\ARM\startup_ht32f5xxxx_01.s
      At line 207 in file ..\libraries\HT32_STD_5xxxx_FWLib\library\Device\Holt
ek\HT32F5xxxx\Source\ARM\startup_ht32f5xxxx_01.s
      At line 236 in file ..\libraries\HT32_STD_5xxxx_FWLib\library\Device\Holt
ek\HT32F5xxxx\Source\ARM\startup_ht32f5xxxx_01.s
      At line 237 in file ..\libraries\HT32_STD_5xxxx_FWLib\library\Device\Holt
ek\HT32F5xxxx\Source\ARM\startup_ht32f5xxxx_01.s

27 symbols



ARM Macro Assembler    Page 1 Alphabetic symbol ordering
External symbols

SystemInit 00000000

Symbol: SystemInit
   Definitions
      At line 315 in file ..\libraries\HT32_STD_5xxxx_FWLib\library\Device\Holt
ek\HT32F5xxxx\Source\ARM\startup_ht32f5xxxx_01.s
   Uses
      At line 319 in file ..\libraries\HT32_STD_5xxxx_FWLib\library\Device\Holt
ek\HT32F5xxxx\Source\ARM\startup_ht32f5xxxx_01.s
Comment: SystemInit used once
__main 00000000

Symbol: __main
   Definitions
      At line 316 in file ..\libraries\HT32_STD_5xxxx_FWLib\library\Device\Holt
ek\HT32F5xxxx\Source\ARM\startup_ht32f5xxxx_01.s
   Uses
      At line 321 in file ..\libraries\HT32_STD_5xxxx_FWLib\library\Device\Holt
ek\HT32F5xxxx\Source\ARM\startup_ht32f5xxxx_01.s
Comment: __main used once
2 symbols
427 symbols in table
